#
# There is insufficient memory for the Java Runtime Environment to continue.
# Native memory allocation (malloc) failed to allocate 32744 bytes for ChunkPool::allocate
# Possible reasons:
#   The system is out of physical RAM or swap space
#   In 32 bit mode, the process size limit was hit
# Possible solutions:
#   Reduce memory load on the system
#   Increase physical memory or swap space
#   Check if swap backing store is full
#   Use 64 bit Java on a 64 bit OS
#   Decrease Java heap size (-Xmx/-Xms)
#   Decrease number of Java threads
#   Decrease Java thread stack sizes (-Xss)
#   Set larger code cache with -XX:ReservedCodeCacheSize=
# This output file may be truncated or incomplete.
#
#  Out of Memory Error (allocation.cpp:273), pid=32884, tid=0x000000000000f17c
#
# JRE version: Java(TM) SE Runtime Environment (8.0_172-b11) (build 1.8.0_172-b11)
# Java VM: Java HotSpot(TM) 64-Bit Server VM (25.172-b11 mixed mode windows-amd64 compressed oops)
# Failed to write core dump. Minidumps are not enabled by default on client versions of Windows
#

---------------  T H R E A D  ---------------

Current thread (0x0000000002e33000):  JavaThread "main" [_thread_in_vm, id=61820, stack(0x00000000028d0000,0x00000000029d0000)]

Stack: [0x00000000028d0000,0x00000000029d0000]
[error occurred during error reporting (printing stack bounds), id 0xc0000005]

Native frames: (J=compiled Java code, j=interpreted, Vv=VM code, C=native code)

Java frames: (J=compiled Java code, j=interpreted, Vv=VM code)
j  java.lang.ClassLoader.defineClass1(Ljava/lang/String;[BIILjava/security/ProtectionDomain;Ljava/lang/String;)Ljava/lang/Class;+0
j  java.lang.ClassLoader.defineClass(Ljava/lang/String;[BIILjava/security/ProtectionDomain;)Ljava/lang/Class;+27
j  java.security.SecureClassLoader.defineClass(Ljava/lang/String;[BIILjava/security/CodeSource;)Ljava/lang/Class;+12
j  java.net.URLClassLoader.defineClass(Ljava/lang/String;Lsun/misc/Resource;)Ljava/lang/Class;+138
j  java.net.URLClassLoader.access$100(Ljava/net/URLClassLoader;Ljava/lang/String;Lsun/misc/Resource;)Ljava/lang/Class;+3
j  java.net.URLClassLoader$1.run()Ljava/lang/Class;+43
j  java.net.URLClassLoader$1.run()Ljava/lang/Object;+1
v  ~StubRoutines::call_stub
J 354  java.security.AccessController.doPrivileged(Ljava/security/PrivilegedExceptionAction;Ljava/security/AccessControlContext;)Ljava/lang/Object; (0 bytes) @ 0x00000000031191a6 [0x0000000003119140+0x66]
J 351 C1 java.net.URLClassLoader.findClass(Ljava/lang/String;)Ljava/lang/Class; (47 bytes) @ 0x0000000003119ad4 [0x0000000003119940+0x194]
j  org.codehaus.plexus.classworlds.realm.ClassRealm.loadClassFromSelf(Ljava/lang/String;)Ljava/lang/Class;+20
j  org.codehaus.plexus.classworlds.strategy.SelfFirstStrategy.loadClass(Ljava/lang/String;)Ljava/lang/Class;+18
j  org.codehaus.plexus.classworlds.realm.ClassRealm.unsynchronizedLoadClass(Ljava/lang/String;Z)Ljava/lang/Class;+13
j  org.codehaus.plexus.classworlds.realm.ClassRealm.loadClass(Ljava/lang/String;Z)Ljava/lang/Class;+9
j  org.codehaus.plexus.classworlds.realm.ClassRealm.loadClass(Ljava/lang/String;)Ljava/lang/Class;+3
v  ~StubRoutines::call_stub
j  org.slf4j.impl.MavenSimpleLoggerFactory.getLogger(Ljava/lang/String;)Lorg/slf4j/Logger;+20
j  org.slf4j.LoggerFactory.getLogger(Ljava/lang/String;)Lorg/slf4j/Logger;+6
j  org.slf4j.LoggerFactory.getLogger(Ljava/lang/Class;)Lorg/slf4j/Logger;+4
j  org.apache.maven.cli.logging.BaseSlf4jConfiguration.<init>()V+7
j  org.apache.maven.cli.logging.impl.Slf4jSimpleConfiguration.<init>()V+1
v  ~StubRoutines::call_stub
j  sun.reflect.NativeConstructorAccessorImpl.newInstance0(Ljava/lang/reflect/Constructor;[Ljava/lang/Object;)Ljava/lang/Object;+0
j  sun.reflect.NativeConstructorAccessorImpl.newInstance([Ljava/lang/Object;)Ljava/lang/Object;+85
j  sun.reflect.DelegatingConstructorAccessorImpl.newInstance([Ljava/lang/Object;)Ljava/lang/Object;+5
j  java.lang.reflect.Constructor.newInstance([Ljava/lang/Object;)Ljava/lang/Object;+79
j  java.lang.Class.newInstance()Ljava/lang/Object;+138
j  org.apache.maven.cli.logging.Slf4jConfigurationFactory.getConfiguration(Lorg/slf4j/ILoggerFactory;)Lorg/apache/maven/cli/logging/Slf4jConfiguration;+75
j  org.apache.maven.cli.MavenCli.logging(Lorg/apache/maven/cli/CliRequest;)V+80
j  org.apache.maven.cli.MavenCli.doMain(Lorg/apache/maven/cli/CliRequest;)I+19
j  org.apache.maven.cli.MavenCli.main([Ljava/lang/String;Lorg/codehaus/plexus/classworlds/ClassWorld;)I+24
v  ~StubRoutines::call_stub
j  sun.reflect.NativeMethodAccessorImpl.invoke0(Ljava/lang/reflect/Method;Ljava/lang/Object;[Ljava/lang/Object;)Ljava/lang/Object;+0
j  sun.reflect.NativeMethodAccessorImpl.invoke(Ljava/lang/Object;[Ljava/lang/Object;)Ljava/lang/Object;+100
j  sun.reflect.DelegatingMethodAccessorImpl.invoke(Ljava/lang/Object;[Ljava/lang/Object;)Ljava/lang/Object;+6
j  java.lang.reflect.Method.invoke(Ljava/lang/Object;[Ljava/lang/Object;)Ljava/lang/Object;+56
j  org.codehaus.plexus.classworlds.launcher.Launcher.launchEnhanced([Ljava/lang/String;)V+45
j  org.codehaus.plexus.classworlds.launcher.Launcher.launch([Ljava/lang/String;)V+2
j  org.codehaus.plexus.classworlds.launcher.Launcher.mainWithExitCode([Ljava/lang/String;)I+101
j  org.codehaus.plexus.classworlds.launcher.Launcher.main([Ljava/lang/String;)V+1
j  org.codehaus.classworlds.Launcher.main([Ljava/lang/String;)V+1
v  ~StubRoutines::call_stub

---------------  P R O C E S S  ---------------

Java Threads: ( => current thread )
  0x000000001e29d800 JavaThread "Service Thread" daemon [_thread_blocked, id=31304, stack(0x000000001eb90000,0x000000001ec90000)]
  0x000000001e204000 JavaThread "C1 CompilerThread2" daemon [_thread_in_native, id=45880, stack(0x000000001ea90000,0x000000001eb90000)]
  0x000000001e202000 JavaThread "C2 CompilerThread1" daemon [_thread_blocked, id=60936, stack(0x000000001e990000,0x000000001ea90000)]
  0x000000001e1ff800 JavaThread "C2 CompilerThread0" daemon [_thread_blocked, id=10640, stack(0x000000001e890000,0x000000001e990000)]
  0x000000001e1e9800 JavaThread "Monitor Ctrl-Break" daemon [_thread_in_native, id=33844, stack(0x000000001e790000,0x000000001e890000)]
  0x000000001e1cb800 JavaThread "Attach Listener" daemon [_thread_blocked, id=37500, stack(0x000000001e680000,0x000000001e780000)]
  0x000000001c794800 JavaThread "Signal Dispatcher" daemon [_thread_blocked, id=14856, stack(0x000000001e580000,0x000000001e680000)]
  0x000000001c772000 JavaThread "Finalizer" daemon [_thread_blocked, id=10452, stack(0x000000001e010000,0x000000001e110000)]
  0x0000000002f28000 JavaThread "Reference Handler" daemon [_thread_blocked, id=65384, stack(0x000000001df10000,0x000000001e010000)]
=>0x0000000002e33000 JavaThread "main" [_thread_in_vm, id=61820, stack(0x00000000028d0000,0x00000000029d0000)]

Other Threads:
  0x000000001c747800 VMThread [stack: 0x000000001de10000,0x000000001df10000] [id=27504]
  0x000000001e2b5800 WatcherThread [stack: 0x000000001ec90000,0x000000001ed90000] [id=37584]

VM state:not at safepoint (normal execution)

VM Mutex/Monitor currently owned by a thread: None

Heap:
 PSYoungGen      total 76288K, used 13120K [0x000000076b500000, 0x0000000770a00000, 0x00000007c0000000)
  eden space 65536K, 20% used [0x000000076b500000,0x000000076c1d03d0,0x000000076f500000)
  from space 10752K, 0% used [0x000000076ff80000,0x000000076ff80000,0x0000000770a00000)
  to   space 10752K, 0% used [0x000000076f500000,0x000000076f500000,0x000000076ff80000)
 ParOldGen       total 175104K, used 0K [0x00000006c1e00000, 0x00000006cc900000, 0x000000076b500000)
  object space 175104K, 0% used [0x00000006c1e00000,0x00000006c1e00000,0x00000006cc900000)
 Metaspace       used 5877K, capacity 6056K, committed 6144K, reserved 1056768K
  class space    used 634K, capacity 700K, committed 768K, reserved 1048576K

Card table byte_map: [0x00000000122f0000,0x0000000012af0000] byte_map_base: 0x000000000ece1000

Marking Bits: (ParMarkBitMap*) 0x0000000061fb3c10
 Begin Bits: [0x0000000013640000, 0x00000000175c8000)
 End Bits:   [0x00000000175c8000, 0x000000001b550000)

Polling page: 0x00000000010a0000

CodeCache: size=245760Kb used=1969Kb max_used=1975Kb free=243791Kb
 bounds [0x0000000002f30000, 0x00000000031a0000, 0x0000000011f30000]
 total_blobs=668 nmethods=362 adapters=219
 compilation: enabled

Compilation events (10 events):
Event: 0.442 Thread 0x000000001e204000 nmethod 358 0x000000000311ae50 code [0x000000000311afc0, 0x000000000311b148]
Event: 0.442 Thread 0x000000001e204000  359   !   3       java.lang.ClassLoader::getPackage (118 bytes)
Event: 0.443 Thread 0x000000001e204000 nmethod 359 0x000000000311d690 code [0x000000000311d860, 0x000000000311e368]
Event: 0.443 Thread 0x000000001e204000  360       3       sun.net.www.protocol.file.Handler::parseURL (18 bytes)
Event: 0.443 Thread 0x000000001e204000 nmethod 360 0x000000000311a950 code [0x000000000311aac0, 0x000000000311ad38]
Event: 0.443 Thread 0x000000001e204000  363       3       java.util.AbstractCollection::<init> (5 bytes)
Event: 0.444 Thread 0x000000001e204000 nmethod 363 0x000000000311a590 code [0x000000000311a6e0, 0x000000000311a890]
Event: 0.444 Thread 0x000000001e204000  362       3       sun.misc.URLClassPath::access$100 (7 bytes)
Event: 0.444 Thread 0x000000001e204000 nmethod 362 0x000000000311a150 code [0x000000000311a2c0, 0x000000000311a428]
Event: 0.444 Thread 0x000000001e204000  361       3       java.net.URLStreamHandler::parseURL (1193 bytes)

GC Heap History (0 events):
No events

Deoptimization events (1 events):
Event: 0.346 Thread 0x0000000002e33000 Uncommon trap: reason=unstable_if action=reinterpret pc=0x00000000030a8598 method=sun.nio.cs.UTF_8$Encoder.encode([CII[B)I @ 33

Classes redefined (0 events):
No events

Internal exceptions (6 events):
Event: 0.026 Thread 0x0000000002e33000 Exception <a 'java/lang/NoSuchMethodError': Method sun.misc.Unsafe.defineClass(Ljava/lang/String;[BII)Ljava/lang/Class; name or signature does not match> (0x000000076b507cb0) thrown at [C:\re\workspace\8-2-build-windows-amd64-cygwin\jdk8u172\10810\hotspot
Event: 0.026 Thread 0x0000000002e33000 Exception <a 'java/lang/NoSuchMethodError': Method sun.misc.Unsafe.prefetchRead(Ljava/lang/Object;J)V name or signature does not match> (0x000000076b507f98) thrown at [C:\re\workspace\8-2-build-windows-amd64-cygwin\jdk8u172\10810\hotspot\src\share\vm\prim
Event: 0.152 Thread 0x0000000002e33000 Exception <a 'java/security/PrivilegedActionException'> (0x000000076bbec180) thrown at [C:\re\workspace\8-2-build-windows-amd64-cygwin\jdk8u172\10810\hotspot\src\share\vm\prims\jvm.cpp, line 1435]
Event: 0.152 Thread 0x0000000002e33000 Exception <a 'java/security/PrivilegedActionException'> (0x000000076bbec578) thrown at [C:\re\workspace\8-2-build-windows-amd64-cygwin\jdk8u172\10810\hotspot\src\share\vm\prims\jvm.cpp, line 1435]
Event: 0.153 Thread 0x0000000002e33000 Exception <a 'java/security/PrivilegedActionException'> (0x000000076bbef378) thrown at [C:\re\workspace\8-2-build-windows-amd64-cygwin\jdk8u172\10810\hotspot\src\share\vm\prims\jvm.cpp, line 1435]
Event: 0.153 Thread 0x0000000002e33000 Exception <a 'java/security/PrivilegedActionException'> (0x000000076bbef770) thrown at [C:\re\workspace\8-2-build-windows-amd64-cygwin\jdk8u172\10810\hotspot\src\share\vm\prims\jvm.cpp, line 1435]

Events (10 events):
Event: 0.445 loading class java/io/StringWriter
Event: 0.445 loading class java/io/StringWriter done
Event: 0.445 loading class java/io/StringReader
Event: 0.445 loading class java/io/StringReader done
Event: 0.445 loading class org/apache/maven/cli/logging/impl/Slf4jSimpleConfiguration
Event: 0.445 loading class org/apache/maven/cli/logging/impl/Slf4jSimpleConfiguration done
Event: 0.445 loading class org/apache/maven/cli/logging/BaseSlf4jConfiguration
Event: 0.445 loading class org/apache/maven/cli/logging/BaseSlf4jConfiguration done
Event: 0.446 loading class org/slf4j/impl/MavenSimpleLogger
Event: 0.446 loading class org/slf4j/impl/MavenSimpleLogger done


Dynamic libraries:
0x00007ff6c9030000 - 0x00007ff6c9067000 	C:\program1\Java\jdk1.8.0_172\bin\java.exe
0x00007ffcac980000 - 0x00007ffcacb70000 	C:\WINDOWS\SYSTEM32\ntdll.dll
0x00007ffcab9e0000 - 0x00007ffcaba92000 	C:\WINDOWS\System32\KERNEL32.DLL
0x00007ffca9910000 - 0x00007ffca9bb3000 	C:\WINDOWS\System32\KERNELBASE.dll
0x00007ffcaaae0000 - 0x00007ffcaab83000 	C:\WINDOWS\System32\ADVAPI32.dll
0x00007ffcab730000 - 0x00007ffcab7ce000 	C:\WINDOWS\System32\msvcrt.dll
0x00007ffcabaa0000 - 0x00007ffcabb37000 	C:\WINDOWS\System32\sechost.dll
0x00007ffcab4a0000 - 0x00007ffcab5c0000 	C:\WINDOWS\System32\RPCRT4.dll
0x00007ffcab300000 - 0x00007ffcab494000 	C:\WINDOWS\System32\USER32.dll
0x00007ffcaa900000 - 0x00007ffcaa921000 	C:\WINDOWS\System32\win32u.dll
0x00007ffcab920000 - 0x00007ffcab946000 	C:\WINDOWS\System32\GDI32.dll
0x00007ffcaa760000 - 0x00007ffcaa8f4000 	C:\WINDOWS\System32\gdi32full.dll
0x00007ffcaa610000 - 0x00007ffcaa6ae000 	C:\WINDOWS\System32\msvcp_win.dll
0x00007ffcaa930000 - 0x00007ffcaaa2a000 	C:\WINDOWS\System32\ucrtbase.dll
0x00007ffc9e6f0000 - 0x00007ffc9e975000 	C:\WINDOWS\WinSxS\amd64_microsoft.windows.common-controls_6595b64144ccf1df_6.0.18362.418_none_e6c6b287130d565d\COMCTL32.dll
0x00007ffcaab90000 - 0x00007ffcaaec6000 	C:\WINDOWS\System32\combase.dll
0x00007ffca9bc0000 - 0x00007ffca9c40000 	C:\WINDOWS\System32\bcryptPrimitives.dll
0x00007ffcab2d0000 - 0x00007ffcab2fe000 	C:\WINDOWS\System32\IMM32.DLL
0x0000000062040000 - 0x0000000062112000 	C:\program1\Java\jdk1.8.0_172\jre\bin\msvcr100.dll
0x0000000061790000 - 0x0000000062033000 	C:\program1\Java\jdk1.8.0_172\jre\bin\server\jvm.dll
0x00007ffcab7d0000 - 0x00007ffcab7d8000 	C:\WINDOWS\System32\PSAPI.DLL
0x00007ffca7390000 - 0x00007ffca73b4000 	C:\WINDOWS\SYSTEM32\WINMM.dll
0x00007ffca7a00000 - 0x00007ffca7a09000 	C:\WINDOWS\SYSTEM32\WSOCK32.dll
0x00007ffca31f0000 - 0x00007ffca31fa000 	C:\WINDOWS\SYSTEM32\VERSION.dll
0x00007ffcab970000 - 0x00007ffcab9df000 	C:\WINDOWS\System32\WS2_32.dll
0x00007ffca7360000 - 0x00007ffca738d000 	C:\WINDOWS\SYSTEM32\WINMMBASE.dll
0x00007ffcaa6b0000 - 0x00007ffcaa6fa000 	C:\WINDOWS\System32\cfgmgr32.dll
0x0000000062500000 - 0x000000006250f000 	C:\program1\Java\jdk1.8.0_172\jre\bin\verify.dll
0x00000000624d0000 - 0x00000000624f9000 	C:\program1\Java\jdk1.8.0_172\jre\bin\java.dll
0x0000000062420000 - 0x0000000062443000 	C:\program1\Java\jdk1.8.0_172\jre\bin\instrument.dll
0x00000000624b0000 - 0x00000000624c6000 	C:\program1\Java\jdk1.8.0_172\jre\bin\zip.dll
0x00007ffcabfc0000 - 0x00007ffcac6a5000 	C:\WINDOWS\System32\SHELL32.dll
0x00007ffcaafa0000 - 0x00007ffcab049000 	C:\WINDOWS\System32\shcore.dll
0x00007ffca9c70000 - 0x00007ffcaa3ef000 	C:\WINDOWS\System32\windows.storage.dll
0x00007ffca98a0000 - 0x00007ffca98bf000 	C:\WINDOWS\System32\profapi.dll
0x00007ffca98c0000 - 0x00007ffca990a000 	C:\WINDOWS\System32\powrprof.dll
0x00007ffca9850000 - 0x00007ffca9860000 	C:\WINDOWS\System32\UMPDC.dll
0x00007ffcac880000 - 0x00007ffcac8d2000 	C:\WINDOWS\System32\shlwapi.dll
0x00007ffca9860000 - 0x00007ffca9871000 	C:\WINDOWS\System32\kernel.appcore.dll
0x00007ffcaa4a0000 - 0x00007ffcaa4b7000 	C:\WINDOWS\System32\cryptsp.dll
0x00007ffca4fc0000 - 0x00007ffca4fda000 	C:\Program Files\JetBrains\IntelliJ IDEA 2019.2.2\bin\breakgen64.dll
0x0000000062470000 - 0x000000006248a000 	C:\program1\Java\jdk1.8.0_172\jre\bin\net.dll
0x00007ffca90c0000 - 0x00007ffca9127000 	C:\WINDOWS\system32\mswsock.dll
0x00007ffca8c30000 - 0x00007ffca8c63000 	C:\WINDOWS\system32\rsaenh.dll
0x00007ffca9c40000 - 0x00007ffca9c66000 	C:\WINDOWS\System32\bcrypt.dll
0x00007ffca9770000 - 0x00007ffca9795000 	C:\WINDOWS\SYSTEM32\USERENV.dll
0x00007ffca9290000 - 0x00007ffca929c000 	C:\WINDOWS\SYSTEM32\CRYPTBASE.dll
0x00007ffca8dd0000 - 0x00007ffca8e0a000 	C:\WINDOWS\SYSTEM32\IPHLPAPI.DLL
0x00007ffcabb40000 - 0x00007ffcabb48000 	C:\WINDOWS\System32\NSI.dll
0x00007ffca31d0000 - 0x00007ffca31e6000 	C:\WINDOWS\SYSTEM32\dhcpcsvc6.DLL
0x00007ffca31b0000 - 0x00007ffca31cc000 	C:\WINDOWS\SYSTEM32\dhcpcsvc.DLL
0x00007ffca8e10000 - 0x00007ffca8eda000 	C:\WINDOWS\SYSTEM32\DNSAPI.dll
0x0000000062450000 - 0x0000000062461000 	C:\program1\Java\jdk1.8.0_172\jre\bin\nio.dll
0x00007ffca4fb0000 - 0x00007ffca4fba000 	C:\Users\qimin\AppData\Local\Temp\jansi-1.17.1-699378885784594274.dll
0x00007ffca4fa0000 - 0x00007ffca4faa000 	C:\Users\qimin\AppData\Local\Temp\jansi-1.17.1-6039548183414313064.dll

VM Arguments:
jvm_args: -Dmaven.multiModuleProjectDirectory=D:\workspace\IntelliJ IDEA\quartz-service -Dmaven.home=C:\Program Files\JetBrains\IntelliJ IDEA 2019.2.2\plugins\maven\lib\maven3 -Dclassworlds.conf=C:\Program Files\JetBrains\IntelliJ IDEA 2019.2.2\plugins\maven\lib\maven3\bin\m2.conf -Dmaven.ext.class.path=C:\Program Files\JetBrains\IntelliJ IDEA 2019.2.2\plugins\maven\lib\maven-event-listener.jar -javaagent:C:\Program Files\JetBrains\IntelliJ IDEA 2019.2.2\lib\idea_rt.jar=64997:C:\Program Files\JetBrains\IntelliJ IDEA 2019.2.2\bin -Dfile.encoding=UTF-8 
java_command: org.codehaus.classworlds.Launcher -Didea.version2019.2.4 org.mybatis.generator:mybatis-generator-maven-plugin:1.3.2:generate
java_class_path (initial): C:\Program Files\JetBrains\IntelliJ IDEA 2019.2.2\plugins\maven\lib\maven3\boot\plexus-classworlds-2.6.0.jar;C:\Program Files\JetBrains\IntelliJ IDEA 2019.2.2\lib\idea_rt.jar
Launcher Type: SUN_STANDARD

Environment Variables:
CLASSPATH=.;C:\program1\Java\jdk1.8.0_172\lib;C:\program1\Java\jdk1.8.0_172\lib\tools.jar;
PATH=C:\Program Files\NVIDIA GPU Computing Toolkit\CUDA\v9.0\bin;C:\Program Files\NVIDIA GPU Computing Toolkit\CUDA\v9.0\libnvvp;C:\Program Files (x86)\Common Files\Oracle\Java\javapath;C:\Program Files (x86)\Intel\Intel(R) Management Engine Components\iCLS\;C:\Program Files\Intel\Intel(R) Management Engine Components\iCLS\;C:\windows\system32;C:\windows;C:\windows\System32\Wbem;C:\windows\System32\WindowsPowerShell\v1.0\;C:\Program Files (x86)\Intel\Intel(R) Management Engine Components\DAL;C:\Program Files\Intel\Intel(R) Management Engine Components\DAL;C:\Program Files (x86)\Intel\Intel(R) Management Engine Components\IPT;C:\Program Files\Intel\Intel(R) Management Engine Components\IPT;C:\Program Files (x86)\NVIDIA Corporation\PhysX\Common;C:\program1\Git\cmd;C:\Program Files\nodejs\;C:\WINDOWS\system32;C:\WINDOWS;C:\WINDOWS\System32\Wbem;C:\WINDOWS\System32\WindowsPowerShell\v1.0\;C:\WINDOWS\System32\OpenSSH\;;C:\program1\Microsoft VS Code\bin;C:\Go\bin;C:\program1\Python\Python37\Scripts\;C:\program1\Python\Python37\;C:\program1\Python\Python37-32\Scripts\;C:\program1\Python\Python37-32\;C:\Program Files\MySQL\MySQL Shell 8.0\bin\;C:\Program Files\MySQL\MySQL Server 8.0\bin;C:\program1\redis;C:\program1\erl10.4\bin;C:\program1\RabbitMQ Server\rabbitmq_server-3.7.15\sbin;C:\program1\Java\jdk1.8.0_172\bin;;C:\Users\qimin\AppData\Local\Microsoft\WindowsApps;C:\Program Files\JetBrains\IntelliJ IDEA 2019.2.2\bin;;C:\Users\qimin\go\bin;C:\program1\JetBrains\GoLand 2019.2.2\bin;
USERNAME=qimin
OS=Windows_NT
PROCESSOR_IDENTIFIER=Intel64 Family 6 Model 158 Stepping 10, GenuineIntel



---------------  S Y S T E M  ---------------

OS: Windows 10.0 , 64 bit Build 18362 (10.0.18362.329)

CPU:total 6 (initial active 6) (6 cores per cpu, 1 threads per core) family 6 model 158 stepping 10, cmov, cx8, fxsr, mmx, sse, sse2, sse3, ssse3, sse4.1, sse4.2, popcnt, avx, avx2, aes, clmul, erms, 3dnowpref, lzcnt, tsc, tscinvbit, bmi1, bmi2, adx

Memory: 4k page, physical 16654332k(3815028k free), swap 32121976k(5120k free)

vm_info: Java HotSpot(TM) 64-Bit Server VM (25.172-b11) for windows-amd64 JRE (1.8.0_172-b11), built on Mar 28 2018 21:21:52 by "java_re" with MS VC++ 10.0 (VS2010)

time: Thu Nov 07 04:35:28 2019
elapsed time: 0 seconds (0d 0h 0m 0s)

