#
# There is insufficient memory for the Java Runtime Environment to continue.
# Native memory allocation (malloc) failed to allocate 237696 bytes for Chunk::new
# Possible reasons:
#   The system is out of physical RAM or swap space
#   In 32 bit mode, the process size limit was hit
# Possible solutions:
#   Reduce memory load on the system
#   Increase physical memory or swap space
#   Check if swap backing store is full
#   Use 64 bit Java on a 64 bit OS
#   Decrease Java heap size (-Xmx/-Xms)
#   Decrease number of Java threads
#   Decrease Java thread stack sizes (-Xss)
#   Set larger code cache with -XX:ReservedCodeCacheSize=
# This output file may be truncated or incomplete.
#
#  Out of Memory Error (allocation.cpp:390), pid=43044, tid=0x000000000000edec
#
# JRE version: Java(TM) SE Runtime Environment (8.0_172-b11) (build 1.8.0_172-b11)
# Java VM: Java HotSpot(TM) 64-Bit Server VM (25.172-b11 mixed mode windows-amd64 compressed oops)
# Failed to write core dump. Minidumps are not enabled by default on client versions of Windows
#

---------------  T H R E A D  ---------------

Current thread (0x000000001ea4f800):  JavaThread "C2 CompilerThread0" daemon [_thread_in_native, id=60908, stack(0x000000001f0d0000,0x000000001f1d0000)]

Stack: [0x000000001f0d0000,0x000000001f1d0000]
[error occurred during error reporting (printing stack bounds), id 0xc0000005]

Native frames: (J=compiled Java code, j=interpreted, Vv=VM code, C=native code)


Current CompileTask:
C2:    467  365  s    4       sun.misc.URLClassPath::getNextLoader (88 bytes)


---------------  P R O C E S S  ---------------

Java Threads: ( => current thread )
  0x000000001eaf0800 JavaThread "Service Thread" daemon [_thread_blocked, id=15228, stack(0x000000001f3d0000,0x000000001f4d0000)]
  0x000000001ea53000 JavaThread "C1 CompilerThread2" daemon [_thread_blocked, id=6736, stack(0x000000001f2d0000,0x000000001f3d0000)]
  0x000000001ea51000 JavaThread "C2 CompilerThread1" daemon [_thread_in_native, id=62780, stack(0x000000001f1d0000,0x000000001f2d0000)]
=>0x000000001ea4f800 JavaThread "C2 CompilerThread0" daemon [_thread_in_native, id=60908, stack(0x000000001f0d0000,0x000000001f1d0000)]
  0x000000001ea4d800 JavaThread "Monitor Ctrl-Break" daemon [_thread_in_native, id=34824, stack(0x000000001efd0000,0x000000001f0d0000)]
  0x000000001ea1a000 JavaThread "Attach Listener" daemon [_thread_blocked, id=43688, stack(0x000000001eed0000,0x000000001efd0000)]
  0x000000001d014000 JavaThread "Signal Dispatcher" daemon [_thread_blocked, id=19468, stack(0x000000001edd0000,0x000000001eed0000)]
  0x000000001cff2000 JavaThread "Finalizer" daemon [_thread_blocked, id=53444, stack(0x000000001e870000,0x000000001e970000)]
  0x00000000037a9000 JavaThread "Reference Handler" daemon [_thread_blocked, id=28056, stack(0x000000001e770000,0x000000001e870000)]
  0x00000000036b3000 JavaThread "main" [_thread_in_vm, id=24084, stack(0x00000000030f0000,0x00000000031f0000)]

Other Threads:
  0x000000001cfc8000 VMThread [stack: 0x000000001e670000,0x000000001e770000] [id=15612]
  0x000000001eb10800 WatcherThread [stack: 0x000000001f4d0000,0x000000001f5d0000] [id=57508]

VM state:not at safepoint (normal execution)

VM Mutex/Monitor currently owned by a thread: None

Heap:
 PSYoungGen      total 76288K, used 14496K [0x000000076b500000, 0x0000000770a00000, 0x00000007c0000000)
  eden space 65536K, 22% used [0x000000076b500000,0x000000076c3282b0,0x000000076f500000)
  from space 10752K, 0% used [0x000000076ff80000,0x000000076ff80000,0x0000000770a00000)
  to   space 10752K, 0% used [0x000000076f500000,0x000000076f500000,0x000000076ff80000)
 ParOldGen       total 175104K, used 0K [0x00000006c1e00000, 0x00000006cc900000, 0x000000076b500000)
  object space 175104K, 0% used [0x00000006c1e00000,0x00000006c1e00000,0x00000006cc900000)
 Metaspace       used 6111K, capacity 6296K, committed 6400K, reserved 1056768K
  class space    used 654K, capacity 700K, committed 768K, reserved 1048576K

Card table byte_map: [0x0000000012b70000,0x0000000013370000] byte_map_base: 0x000000000f561000

Marking Bits: (ParMarkBitMap*) 0x0000000061fb3c10
 Begin Bits: [0x0000000013ec0000, 0x0000000017e48000)
 End Bits:   [0x0000000017e48000, 0x000000001bdd0000)

Polling page: 0x0000000001340000

CodeCache: size=245760Kb used=2104Kb max_used=2104Kb free=243655Kb
 bounds [0x00000000037b0000, 0x0000000003a20000, 0x00000000127b0000]
 total_blobs=684 nmethods=376 adapters=221
 compilation: enabled

Compilation events (10 events):
Event: 0.464 Thread 0x000000001ea53000  372  s    3       sun.misc.Resource::cachedInputStream (20 bytes)
Event: 0.464 Thread 0x000000001ea53000 nmethod 372 0x00000000039ba610 code [0x00000000039ba780, 0x00000000039bab68]
Event: 0.464 Thread 0x000000001ea53000  371       1       java.util.jar.Manifest::getMainAttributes (5 bytes)
Event: 0.464 Thread 0x000000001ea53000 nmethod 371 0x00000000039ba350 code [0x00000000039ba4a0, 0x00000000039ba5b0]
Event: 0.464 Thread 0x000000001ea53000  374  s!   3       java.net.URLStreamHandler::getHostAddress (54 bytes)
Event: 0.464 Thread 0x000000001ea53000 nmethod 374 0x00000000039bcf90 code [0x00000000039bd140, 0x00000000039bd918]
Event: 0.464 Thread 0x000000001ea53000  373       1       java.util.jar.JarFile::access$300 (5 bytes)
Event: 0.464 Thread 0x000000001ea53000 nmethod 373 0x00000000039ba090 code [0x00000000039ba1e0, 0x00000000039ba2d0]
Event: 0.464 Thread 0x000000001ea53000  375       3       java.security.CodeSource::getCertificates (98 bytes)
Event: 0.465 Thread 0x000000001ea53000 nmethod 375 0x00000000039bdc50 code [0x00000000039bde80, 0x00000000039bea78]

GC Heap History (0 events):
No events

Deoptimization events (1 events):
Event: 0.350 Thread 0x00000000036b3000 Uncommon trap: reason=unstable_if action=reinterpret pc=0x0000000003927a58 method=sun.nio.cs.UTF_8$Encoder.encode([CII[B)I @ 33

Classes redefined (0 events):
No events

Internal exceptions (6 events):
Event: 0.027 Thread 0x00000000036b3000 Exception <a 'java/lang/NoSuchMethodError': Method sun.misc.Unsafe.defineClass(Ljava/lang/String;[BII)Ljava/lang/Class; name or signature does not match> (0x000000076b507cb0) thrown at [C:\re\workspace\8-2-build-windows-amd64-cygwin\jdk8u172\10810\hotspot
Event: 0.027 Thread 0x00000000036b3000 Exception <a 'java/lang/NoSuchMethodError': Method sun.misc.Unsafe.prefetchRead(Ljava/lang/Object;J)V name or signature does not match> (0x000000076b507f98) thrown at [C:\re\workspace\8-2-build-windows-amd64-cygwin\jdk8u172\10810\hotspot\src\share\vm\prim
Event: 0.155 Thread 0x00000000036b3000 Exception <a 'java/security/PrivilegedActionException'> (0x000000076bbeb740) thrown at [C:\re\workspace\8-2-build-windows-amd64-cygwin\jdk8u172\10810\hotspot\src\share\vm\prims\jvm.cpp, line 1435]
Event: 0.155 Thread 0x00000000036b3000 Exception <a 'java/security/PrivilegedActionException'> (0x000000076bbebb38) thrown at [C:\re\workspace\8-2-build-windows-amd64-cygwin\jdk8u172\10810\hotspot\src\share\vm\prims\jvm.cpp, line 1435]
Event: 0.156 Thread 0x00000000036b3000 Exception <a 'java/security/PrivilegedActionException'> (0x000000076bbee938) thrown at [C:\re\workspace\8-2-build-windows-amd64-cygwin\jdk8u172\10810\hotspot\src\share\vm\prims\jvm.cpp, line 1435]
Event: 0.156 Thread 0x00000000036b3000 Exception <a 'java/security/PrivilegedActionException'> (0x000000076bbeed30) thrown at [C:\re\workspace\8-2-build-windows-amd64-cygwin\jdk8u172\10810\hotspot\src\share\vm\prims\jvm.cpp, line 1435]

Events (10 events):
Event: 0.463 loading class org/codehaus/plexus/util/xml/Xpp3DomBuilder
Event: 0.463 loading class org/codehaus/plexus/util/xml/Xpp3DomBuilder done
Event: 0.463 loading class org/codehaus/plexus/util/xml/pull/XmlPullParser
Event: 0.463 loading class org/codehaus/plexus/util/xml/pull/XmlPullParser done
Event: 0.463 loading class org/codehaus/plexus/util/xml/pull/MXParser
Event: 0.463 loading class org/codehaus/plexus/util/xml/pull/MXParser done
Event: 0.464 loading class java/io/UnsupportedEncodingException
Event: 0.464 loading class java/io/UnsupportedEncodingException done
Event: 0.465 loading class java/io/EOFException
Event: 0.465 loading class java/io/EOFException done


Dynamic libraries:
0x00007ff6c9030000 - 0x00007ff6c9067000 	C:\program1\Java\jdk1.8.0_172\bin\java.exe
0x00007ffcac980000 - 0x00007ffcacb70000 	C:\WINDOWS\SYSTEM32\ntdll.dll
0x00007ffcab9e0000 - 0x00007ffcaba92000 	C:\WINDOWS\System32\KERNEL32.DLL
0x00007ffca9910000 - 0x00007ffca9bb3000 	C:\WINDOWS\System32\KERNELBASE.dll
0x00007ffcaaae0000 - 0x00007ffcaab83000 	C:\WINDOWS\System32\ADVAPI32.dll
0x00007ffcab730000 - 0x00007ffcab7ce000 	C:\WINDOWS\System32\msvcrt.dll
0x00007ffcabaa0000 - 0x00007ffcabb37000 	C:\WINDOWS\System32\sechost.dll
0x00007ffcab4a0000 - 0x00007ffcab5c0000 	C:\WINDOWS\System32\RPCRT4.dll
0x00007ffcab300000 - 0x00007ffcab494000 	C:\WINDOWS\System32\USER32.dll
0x00007ffcaa900000 - 0x00007ffcaa921000 	C:\WINDOWS\System32\win32u.dll
0x00007ffcab920000 - 0x00007ffcab946000 	C:\WINDOWS\System32\GDI32.dll
0x00007ffcaa760000 - 0x00007ffcaa8f4000 	C:\WINDOWS\System32\gdi32full.dll
0x00007ffcaa610000 - 0x00007ffcaa6ae000 	C:\WINDOWS\System32\msvcp_win.dll
0x00007ffcaa930000 - 0x00007ffcaaa2a000 	C:\WINDOWS\System32\ucrtbase.dll
0x00007ffc9e6f0000 - 0x00007ffc9e975000 	C:\WINDOWS\WinSxS\amd64_microsoft.windows.common-controls_6595b64144ccf1df_6.0.18362.418_none_e6c6b287130d565d\COMCTL32.dll
0x00007ffcaab90000 - 0x00007ffcaaec6000 	C:\WINDOWS\System32\combase.dll
0x00007ffca9bc0000 - 0x00007ffca9c40000 	C:\WINDOWS\System32\bcryptPrimitives.dll
0x00007ffcab2d0000 - 0x00007ffcab2fe000 	C:\WINDOWS\System32\IMM32.DLL
0x0000000062040000 - 0x0000000062112000 	C:\program1\Java\jdk1.8.0_172\jre\bin\msvcr100.dll
0x0000000061790000 - 0x0000000062033000 	C:\program1\Java\jdk1.8.0_172\jre\bin\server\jvm.dll
0x00007ffcab7d0000 - 0x00007ffcab7d8000 	C:\WINDOWS\System32\PSAPI.DLL
0x00007ffca7a00000 - 0x00007ffca7a09000 	C:\WINDOWS\SYSTEM32\WSOCK32.dll
0x00007ffcab970000 - 0x00007ffcab9df000 	C:\WINDOWS\System32\WS2_32.dll
0x00007ffca31f0000 - 0x00007ffca31fa000 	C:\WINDOWS\SYSTEM32\VERSION.dll
0x00007ffca7390000 - 0x00007ffca73b4000 	C:\WINDOWS\SYSTEM32\WINMM.dll
0x00007ffca7360000 - 0x00007ffca738d000 	C:\WINDOWS\SYSTEM32\winmmbase.dll
0x00007ffcaa6b0000 - 0x00007ffcaa6fa000 	C:\WINDOWS\System32\cfgmgr32.dll
0x0000000062500000 - 0x000000006250f000 	C:\program1\Java\jdk1.8.0_172\jre\bin\verify.dll
0x00000000624d0000 - 0x00000000624f9000 	C:\program1\Java\jdk1.8.0_172\jre\bin\java.dll
0x0000000062420000 - 0x0000000062443000 	C:\program1\Java\jdk1.8.0_172\jre\bin\instrument.dll
0x00000000624b0000 - 0x00000000624c6000 	C:\program1\Java\jdk1.8.0_172\jre\bin\zip.dll
0x00007ffcabfc0000 - 0x00007ffcac6a5000 	C:\WINDOWS\System32\SHELL32.dll
0x00007ffcaafa0000 - 0x00007ffcab049000 	C:\WINDOWS\System32\shcore.dll
0x00007ffca9c70000 - 0x00007ffcaa3ef000 	C:\WINDOWS\System32\windows.storage.dll
0x00007ffca98a0000 - 0x00007ffca98bf000 	C:\WINDOWS\System32\profapi.dll
0x00007ffca98c0000 - 0x00007ffca990a000 	C:\WINDOWS\System32\powrprof.dll
0x00007ffca9850000 - 0x00007ffca9860000 	C:\WINDOWS\System32\UMPDC.dll
0x00007ffcac880000 - 0x00007ffcac8d2000 	C:\WINDOWS\System32\shlwapi.dll
0x00007ffca9860000 - 0x00007ffca9871000 	C:\WINDOWS\System32\kernel.appcore.dll
0x00007ffcaa4a0000 - 0x00007ffcaa4b7000 	C:\WINDOWS\System32\cryptsp.dll
0x00007ffca4fc0000 - 0x00007ffca4fda000 	C:\Program Files\JetBrains\IntelliJ IDEA 2019.2.2\bin\breakgen64.dll
0x0000000062470000 - 0x000000006248a000 	C:\program1\Java\jdk1.8.0_172\jre\bin\net.dll
0x00007ffca90c0000 - 0x00007ffca9127000 	C:\WINDOWS\system32\mswsock.dll
0x00007ffca8c30000 - 0x00007ffca8c63000 	C:\WINDOWS\system32\rsaenh.dll
0x00007ffca9c40000 - 0x00007ffca9c66000 	C:\WINDOWS\System32\bcrypt.dll
0x00007ffca9770000 - 0x00007ffca9795000 	C:\WINDOWS\SYSTEM32\USERENV.dll
0x00007ffca9290000 - 0x00007ffca929c000 	C:\WINDOWS\SYSTEM32\CRYPTBASE.dll
0x00007ffca8dd0000 - 0x00007ffca8e0a000 	C:\WINDOWS\SYSTEM32\IPHLPAPI.DLL
0x00007ffcabb40000 - 0x00007ffcabb48000 	C:\WINDOWS\System32\NSI.dll
0x00007ffca31d0000 - 0x00007ffca31e6000 	C:\WINDOWS\SYSTEM32\dhcpcsvc6.DLL
0x00007ffca31b0000 - 0x00007ffca31cc000 	C:\WINDOWS\SYSTEM32\dhcpcsvc.DLL
0x00007ffca8e10000 - 0x00007ffca8eda000 	C:\WINDOWS\SYSTEM32\DNSAPI.dll
0x0000000062450000 - 0x0000000062461000 	C:\program1\Java\jdk1.8.0_172\jre\bin\nio.dll
0x00007ffca4fb0000 - 0x00007ffca4fba000 	C:\Users\qimin\AppData\Local\Temp\jansi-1.17.1-2160665347098881222.dll
0x00007ffca4fa0000 - 0x00007ffca4faa000 	C:\Users\qimin\AppData\Local\Temp\jansi-1.17.1-585724017581212000.dll

VM Arguments:
jvm_args: -Dmaven.multiModuleProjectDirectory=D:\workspace\IntelliJ IDEA\quartz-service -Dmaven.home=C:\Program Files\JetBrains\IntelliJ IDEA 2019.2.2\plugins\maven\lib\maven3 -Dclassworlds.conf=C:\Program Files\JetBrains\IntelliJ IDEA 2019.2.2\plugins\maven\lib\maven3\bin\m2.conf -Dmaven.ext.class.path=C:\Program Files\JetBrains\IntelliJ IDEA 2019.2.2\plugins\maven\lib\maven-event-listener.jar -javaagent:C:\Program Files\JetBrains\IntelliJ IDEA 2019.2.2\lib\idea_rt.jar=64993:C:\Program Files\JetBrains\IntelliJ IDEA 2019.2.2\bin -Dfile.encoding=UTF-8 
java_command: org.codehaus.classworlds.Launcher -Didea.version2019.2.4 org.mybatis.generator:mybatis-generator-maven-plugin:1.3.2:generate
java_class_path (initial): C:\Program Files\JetBrains\IntelliJ IDEA 2019.2.2\plugins\maven\lib\maven3\boot\plexus-classworlds-2.6.0.jar;C:\Program Files\JetBrains\IntelliJ IDEA 2019.2.2\lib\idea_rt.jar
Launcher Type: SUN_STANDARD

Environment Variables:
CLASSPATH=.;C:\program1\Java\jdk1.8.0_172\lib;C:\program1\Java\jdk1.8.0_172\lib\tools.jar;
PATH=C:\Program Files\NVIDIA GPU Computing Toolkit\CUDA\v9.0\bin;C:\Program Files\NVIDIA GPU Computing Toolkit\CUDA\v9.0\libnvvp;C:\Program Files (x86)\Common Files\Oracle\Java\javapath;C:\Program Files (x86)\Intel\Intel(R) Management Engine Components\iCLS\;C:\Program Files\Intel\Intel(R) Management Engine Components\iCLS\;C:\windows\system32;C:\windows;C:\windows\System32\Wbem;C:\windows\System32\WindowsPowerShell\v1.0\;C:\Program Files (x86)\Intel\Intel(R) Management Engine Components\DAL;C:\Program Files\Intel\Intel(R) Management Engine Components\DAL;C:\Program Files (x86)\Intel\Intel(R) Management Engine Components\IPT;C:\Program Files\Intel\Intel(R) Management Engine Components\IPT;C:\Program Files (x86)\NVIDIA Corporation\PhysX\Common;C:\program1\Git\cmd;C:\Program Files\nodejs\;C:\WINDOWS\system32;C:\WINDOWS;C:\WINDOWS\System32\Wbem;C:\WINDOWS\System32\WindowsPowerShell\v1.0\;C:\WINDOWS\System32\OpenSSH\;;C:\program1\Microsoft VS Code\bin;C:\Go\bin;C:\program1\Python\Python37\Scripts\;C:\program1\Python\Python37\;C:\program1\Python\Python37-32\Scripts\;C:\program1\Python\Python37-32\;C:\Program Files\MySQL\MySQL Shell 8.0\bin\;C:\Program Files\MySQL\MySQL Server 8.0\bin;C:\program1\redis;C:\program1\erl10.4\bin;C:\program1\RabbitMQ Server\rabbitmq_server-3.7.15\sbin;C:\program1\Java\jdk1.8.0_172\bin;;C:\Users\qimin\AppData\Local\Microsoft\WindowsApps;C:\Program Files\JetBrains\IntelliJ IDEA 2019.2.2\bin;;C:\Users\qimin\go\bin;C:\program1\JetBrains\GoLand 2019.2.2\bin;
USERNAME=qimin
OS=Windows_NT
PROCESSOR_IDENTIFIER=Intel64 Family 6 Model 158 Stepping 10, GenuineIntel



---------------  S Y S T E M  ---------------

OS: Windows 10.0 , 64 bit Build 18362 (10.0.18362.329)

CPU:total 6 (initial active 6) (6 cores per cpu, 1 threads per core) family 6 model 158 stepping 10, cmov, cx8, fxsr, mmx, sse, sse2, sse3, ssse3, sse4.1, sse4.2, popcnt, avx, avx2, aes, clmul, erms, 3dnowpref, lzcnt, tsc, tscinvbit, bmi1, bmi2, adx

Memory: 4k page, physical 16654332k(3818596k free), swap 32121976k(4124k free)

vm_info: Java HotSpot(TM) 64-Bit Server VM (25.172-b11) for windows-amd64 JRE (1.8.0_172-b11), built on Mar 28 2018 21:21:52 by "java_re" with MS VC++ 10.0 (VS2010)

time: Thu Nov 07 04:35:26 2019
elapsed time: 0 seconds (0d 0h 0m 0s)

